C51 COMPILER V9.59.0.0   MAIN                                                              06/08/2021 00:18:21 PAGE 1   


C51 COMPILER V9.59.0.0, COMPILATION OF MODULE MAIN
OBJECT MODULE PLACED IN .\Objects\main.obj
COMPILER INVOKED BY: C:\Keil_C51\C51\BIN\C51.EXE main.c OPTIMIZE(8,SPEED) BROWSE DEBUG OBJECTEXTEND PRINT(.\Listings\mai
                    -n.lst) TABS(2) OBJECT(.\Objects\main.obj)

line level    source

   1          #include <STC15.H>
   2          
   3          sbit LED1 = P3^1;
   4          sbit LED2 = P3^0;
   5          
   6          //高低电平
   7          //低电平    GND    0V
   8          //高电平    VCC    单片机的VCC 供电电压
   9          //单片机的普通IO 只能输出高电平或者低电平
  10          //IO= 0  单片机的IO 输出低电平  0V
  11          //IO= 1  单片机的IO 输出高电平  也就是VCC  即：单片机的供电电压
  12          
  13          
  14          void main(void)
  15          {
  16   1          LED1 = 1;
  17   1          LED2 = 1;
  18   1          while(1);
  19   1      }
  20          
  21          
  22          
  23          


MODULE INFORMATION:   STATIC OVERLAYABLE
   CODE SIZE        =      6    ----
   CONSTANT SIZE    =   ----    ----
   XDATA SIZE       =   ----    ----
   PDATA SIZE       =   ----    ----
   DATA SIZE        =   ----    ----
   IDATA SIZE       =   ----    ----
   BIT SIZE         =   ----    ----
END OF MODULE INFORMATION.


C51 COMPILATION COMPLETE.  0 WARNING(S),  0 ERROR(S)
