C51 COMPILER V9.59.0.0   MAIN                                                              06/07/2021 12:14:40 PAGE 1   


C51 COMPILER V9.59.0.0, COMPILATION OF MODULE MAIN
OBJECT MODULE PLACED IN .\Objects\main.obj
COMPILER INVOKED BY: C:\Keil_MDK\C51\BIN\C51.EXE main.c OPTIMIZE(8,SPEED) BROWSE DEBUG OBJECTEXTEND PRINT(.\Listings\mai
                    -n.lst) TABS(2) OBJECT(.\Objects\main.obj)

line level    source

   1          #include <STC15.H>   ///STC15W104
   2          
   3          sbit  LED1 = P3 ^1;
   4          sbit  LED2 = P3 ^0;
   5          
   6          void delay1sec(void)//@5.5296MHz
   7          {
   8   1        unsigned char i, j, k;
   9   1      //  _nop_();
  10   1      //  _nop_();
  11   1        i = 22;
  12   1        j = 3;
  13   1        k = 227;
  14   1        do
  15   1        {
  16   2          do
  17   2          {
  18   3            while (--k);
  19   3          } while (--j);
  20   2        } while (--i);
  21   1      }
  22          
  23          
  24          void main(void)
  25          {
  26   1        unsigned char a,b,c;
  27   1        unsigned char i;
  28   1        a = 5;
  29   1        b = 2;    
  30   1        c = a + b;  ////加运算     + 加运算符         7  
  31   1        c = a - b;  ////减运算     - 减运算符         3
  32   1        
  33   1        c = a * b;  ////乘运算      * 乘运算符        10
  34   1        c = a / b;  ////除运算      / 除运算符        2       2...1
  35   1        c = a % b;  ////求余运算    % 求余运算符      1       2...1
  36   1        
  37   1        a ++;       ///自增运算     ++ 自增运算符   <==>   a = a  + 1;     6  
  38   1        
  39   1        a --;       ///自减运算     -- 自减运算符   <==>   a = a  - 1;     5     4
  40   1      //  --a;   
  41   1      //  a--;
  42   1        LED1 = 0;
  43   1        LED2 = 0;
  44   1      
  45   1        for(i=3;i>0;i--)
  46   1        {
  47   2            LED1 = 1;
  48   2            LED2 = 1; 
  49   2            delay1sec();
  50   2            LED1 = 0;
  51   2            LED2 = 0; 
  52   2            delay1sec();      
  53   2        }
  54   1        
C51 COMPILER V9.59.0.0   MAIN                                                              06/07/2021 12:14:40 PAGE 2   

  55   1        
  56   1        
  57   1        
  58   1      //  for(i=0;i<3;i++)
  59   1      //  {
  60   1      //      LED1 = 1;
  61   1      //      LED2 = 1; 
  62   1      //      delay1sec();
  63   1      //      LED1 = 0;
  64   1      //      LED2 = 0; 
  65   1      //      delay1sec();      
  66   1      //  }
  67   1      //  
  68   1      //  
  69   1        while(1); 
  70   1      }
  71          
  72          
  73          
  74          
  75          
  76          
  77          
  78          
  79          
  80          
  81          


MODULE INFORMATION:   STATIC OVERLAYABLE
   CODE SIZE        =     71    ----
   CONSTANT SIZE    =   ----    ----
   XDATA SIZE       =   ----    ----
   PDATA SIZE       =   ----    ----
   DATA SIZE        =   ----    ----
   IDATA SIZE       =   ----    ----
   BIT SIZE         =   ----    ----
END OF MODULE INFORMATION.


C51 COMPILATION COMPLETE.  0 WARNING(S),  0 ERROR(S)
